<?xml version="1.0" encoding="UTF-8"?>
<testng-results skipped="0" failed="0" total="0" passed="0">
  <reporter-output>
  </reporter-output>
  <suite name="Runner.TestRunner" duration-ms="5" started-at="2018-04-17T12:22:55Z" finished-at="2018-04-17T12:22:55Z">
    <groups>
    </groups>
    <test name="Command line test" duration-ms="5" started-at="2018-04-17T12:22:55Z" finished-at="2018-04-17T12:22:55Z">
    </test> <!-- Command line test -->
  </suite> <!-- Runner.TestRunner -->
</testng-results>
